<?xml version="1.0" encoding="UTF-8"?>
<!-- Generated by org.testng.reporters.JUnitReportReporter -->
<testsuite skipped="0" hostname="DESKTOP-61MFIMJ" name="org.testng.Sample" tests="3" failures="0" timestamp="28 Oct 2022 05:16:59 GMT" time="0.028" errors="0">
  <testcase name="tc3" time="0.002" classname="org.testng.Sample"/>
  <testcase name="tc2" time="0.019" classname="org.testng.Sample"/>
  <testcase name="tc1" time="0.007" classname="org.testng.Sample"/>
</testsuite> <!-- org.testng.Sample -->
